生成启动时间为 2015/9/12 10:01:52。
     1>项目“F:\LearnSoftware\vs2015\workspace\WMergeList\WMergeList\WMergeList.vcxproj”在节点 2 上(Rebuild 个目标)。
     1>ClCompile:
         F:\LearnSoftware\vs2015\installFilePro\VC\bin\CL.exe /c /ZI /nologo /W3 /WX- /sdl /Od /Oy- /D WIN32 /D _DEBUG /D _CONSOLE /D _CRT_SECURE_NO_WARNINGS /D _UNICODE /D UNICODE /Gm /EHsc /RTC1 /MDd /GS /fp:precise /Zc:wchar_t /Zc:forScope /Zc:inline /Yc"stdafx.h" /Fp"Debug\WMergeList.pch" /Fo"Debug\\" /Fd"Debug\vc140.pdb" /Gd /TP /analyze- /errorReport:prompt stdafx.cpp
         stdafx.cpp
         F:\LearnSoftware\vs2015\installFilePro\VC\bin\CL.exe /c /ZI /nologo /W3 /WX- /sdl /Od /Oy- /D WIN32 /D _DEBUG /D _CONSOLE /D _CRT_SECURE_NO_WARNINGS /D _UNICODE /D UNICODE /Gm /EHsc /RTC1 /MDd /GS /fp:precise /Zc:wchar_t /Zc:forScope /Zc:inline /Yu"stdafx.h" /Fp"Debug\WMergeList.pch" /Fo"Debug\\" /Fd"Debug\vc140.pdb" /Gd /TP /analyze- /errorReport:prompt HashTable.cpp MaxPriorityQueue.cpp WMergeList.cpp PreProcess.cpp
         PreProcess.cpp
         WMergeList.cpp
     1>f:\learnsoftware\vs2015\workspace\wmergelist\wmergelist\wmergelist.cpp(9): warning C4244: “参数”: 从“double”转换到“int”，可能丢失数据
     1>f:\learnsoftware\vs2015\workspace\wmergelist\wmergelist\wmergelist.cpp(94): warning C4244: “初始化”: 从“double”转换到“float”，可能丢失数据
     1>f:\learnsoftware\vs2015\workspace\wmergelist\wmergelist\wmergelist.cpp(144): warning C4244: “参数”: 从“double”转换到“int”，可能丢失数据
     1>f:\learnsoftware\vs2015\workspace\wmergelist\wmergelist\wmergelist.cpp(194): warning C4244: “参数”: 从“double”转换到“int”，可能丢失数据
     1>f:\learnsoftware\vs2015\workspace\wmergelist\wmergelist\wmergelist.cpp(206): warning C4244: “=”: 从“double”转换到“float”，可能丢失数据
     1>f:\learnsoftware\vs2015\workspace\wmergelist\wmergelist\wmergelist.cpp(288): warning C4244: “参数”: 从“double”转换到“int”，可能丢失数据
     1>f:\learnsoftware\vs2015\workspace\wmergelist\wmergelist\wmergelist.cpp(345): warning C4244: “参数”: 从“double”转换到“int”，可能丢失数据
     1>f:\learnsoftware\vs2015\workspace\wmergelist\wmergelist\wmergelist.cpp(357): warning C4244: “参数”: 从“double”转换到“int”，可能丢失数据
     1>f:\learnsoftware\vs2015\workspace\wmergelist\wmergelist\wmergelist.cpp(796): warning C4244: “初始化”: 从“clock_t”转换到“float”，可能丢失数据
         MaxPriorityQueue.cpp
     1>f:\learnsoftware\vs2015\workspace\wmergelist\wmergelist\maxpriorityqueue.cpp(21): warning C4244: “参数”: 从“double”转换到“int”，可能丢失数据
     1>f:\learnsoftware\vs2015\workspace\wmergelist\wmergelist\maxpriorityqueue.cpp(26): warning C4305: “=”: 从“double”到“float”截断
     1>f:\learnsoftware\vs2015\workspace\wmergelist\wmergelist\maxpriorityqueue.cpp(30): warning C4244: “参数”: 从“double”转换到“int”，可能丢失数据
         HashTable.cpp
         正在生成代码...
       Link:
         F:\LearnSoftware\vs2015\installFilePro\VC\bin\link.exe /ERRORREPORT:PROMPT /OUT:"F:\LearnSoftware\vs2015\workspace\WMergeList\Debug\WMergeList.exe" /INCREMENTAL /NOLOGO kernel32.lib user32.lib gdi32.lib winspool.lib comdlg32.lib advapi32.lib shell32.lib ole32.lib oleaut32.lib uuid.lib odbc32.lib odbccp32.lib /MANIFEST /MANIFESTUAC:"level='asInvoker' uiAccess='false'" /manifest:embed /Debug /PDB:"F:\LearnSoftware\vs2015\workspace\WMergeList\Debug\WMergeList.pdb" /SUBSYSTEM:CONSOLE /TLBID:1 /DYNAMICBASE /NXCOMPAT /IMPLIB:"F:\LearnSoftware\vs2015\workspace\WMergeList\Debug\WMergeList.lib" /MACHINE:X86 Debug\HashTable.obj
         Debug\MaxPriorityQueue.obj
         Debug\WMergeList.obj
         Debug\PreProcess.obj
         Debug\stdafx.obj
         WMergeList.vcxproj -> F:\LearnSoftware\vs2015\workspace\WMergeList\Debug\WMergeList.exe
     1>已完成生成项目“F:\LearnSoftware\vs2015\workspace\WMergeList\WMergeList\WMergeList.vcxproj”(Rebuild 个目标)的操作。

已成功生成。

已用时间 00:00:01.82
